2022-09-18 17:54:03,063 INFO config_client_log.py Информационное сообщение 25516
2022-09-18 17:54:03,063 DEBUG config_client_log.py Отладка 25516
2022-09-18 17:54:03,063 WARNING config_client_log.py Предупреждение 25516
2022-09-18 17:54:03,064 CRITICAL config_client_log.py Критическая ошибка 25516
2022-09-18 17:54:03,064 ERROR config_client_log.py Ошибка 25516
2022-09-18 17:58:22,077 INFO config_client_log.py Информационное сообщение 7624
2022-09-18 17:58:22,077 DEBUG config_client_log.py Отладка 7624
2022-09-18 17:58:22,078 WARNING config_client_log.py Предупреждение 7624
2022-09-18 17:58:22,078 CRITICAL config_client_log.py Критическая ошибка 7624
2022-09-18 17:58:22,080 ERROR config_client_log.py Ошибка 7624
2022-09-18 18:04:39,101 INFO client.py Запущен клиент с парамертами: адрес сервера: 127.0.0.1 , порт: 7777, имя пользователя: maks 13124
2022-09-18 18:04:39,134 INFO transport.py Попытка подключения №1 13124
2022-09-18 18:04:42,185 INFO transport.py Попытка подключения №2 13124
2022-09-18 18:04:45,226 INFO transport.py Попытка подключения №3 13124
2022-09-18 18:04:48,285 CRITICAL transport.py Не удалось установить соединение с сервером 13124
2022-09-18 18:09:39,711 INFO transport.py Попытка подключения №1 14028
2022-09-18 18:09:42,759 INFO transport.py Попытка подключения №2 14028
2022-09-18 18:09:45,792 INFO transport.py Попытка подключения №3 14028
2022-09-18 18:09:48,865 CRITICAL transport.py Не удалось установить соединение с сервером 14028
2022-09-18 18:17:13,708 INFO client.py Запущен клиент с парамертами: адрес сервера: 127.0.0.1 , порт: 7777, имя пользователя: test1 15624
2022-09-18 18:17:13,734 INFO transport.py Попытка подключения №1 15624
2022-09-18 18:17:13,745 INFO transport.py Попытка подключения №1 25140
2022-09-18 18:17:13,746 INFO transport.py Попытка подключения №1 26416
2022-09-18 18:17:16,779 INFO transport.py Попытка подключения №2 15624
2022-09-18 18:17:16,810 INFO transport.py Попытка подключения №2 26416
2022-09-18 18:17:19,837 INFO transport.py Попытка подключения №3 25140
2022-09-18 18:17:19,883 INFO transport.py Попытка подключения №3 26416
2022-09-18 18:17:22,882 CRITICAL transport.py Не удалось установить соединение с сервером 25140
2022-09-18 18:17:22,882 CRITICAL transport.py Не удалось установить соединение с сервером 15624
2022-09-18 18:17:22,914 CRITICAL transport.py Не удалось установить соединение с сервером 26416
2022-09-18 18:23:44,128 INFO client.py Запущен клиент с парамертами: адрес сервера: 127.0.0.1 , порт: 7777, имя пользователя: Maks 21460
2022-09-18 18:23:44,152 INFO transport.py Попытка подключения №1 21460
2022-09-18 18:23:44,153 DEBUG transport.py Установлено соединение с сервером 21460
2022-09-18 18:23:44,153 DEBUG transport.py Сформировано presence сообщение для пользователя Maks 21460
2022-09-18 18:23:44,686 DEBUG transport.py Разбор сообщения от сервера: {'response': 200} 21460
2022-09-18 18:23:44,686 INFO transport.py Соединение с сервером успешно установлено. 21460
2022-09-18 18:23:44,687 DEBUG transport.py Запрос списка известных пользователей Maks 21460
2022-09-18 18:23:45,206 DEBUG transport.py Запрос контакт листа для пользователя Thread-1 21460
2022-09-18 18:23:45,206 DEBUG transport.py Сформирован запрос {'action': 'get_contacts', 'time': 1663514625.2065737, 'user': 'Maks'} 21460
2022-09-18 18:23:45,714 DEBUG transport.py Получен ответ {'response': 202, 'data_list': []} 21460
2022-09-18 18:23:45,714 DEBUG transport.py Запущен процесс - приёмник сообщений с сервера. 21460
2022-09-18 18:23:52,352 DEBUG transport.py Создание контакта test1 21460
2022-09-18 18:23:52,830 DEBUG transport.py Разбор сообщения от сервера: {'response': 200} 21460
2022-09-18 18:23:52,837 INFO main_window.py Успешно добавлен контакт <PyQt5.QtGui.QStandardItem object at 0x000001EF59EE4CA0> 21460
2022-09-18 18:24:08,426 DEBUG transport.py Сформирован словарь сообщения: {'action': 'message', 'from': 'Maks', 'to': 'test1', 'time': 1663514648.426559, 'mess_text': 'привет и пока'} 21460
2022-09-18 18:24:08,607 DEBUG transport.py Разбор сообщения от сервера: {'response': 400, 'error': 'Пользователь не зарегистрирован на сервере.'} 21460
2022-09-18 18:24:13,982 DEBUG transport.py Транспорт завершает работу. 21460
2022-09-18 18:26:41,239 INFO client.py Запущен клиент с парамертами: адрес сервера: 127.0.0.1 , порт: 7777, имя пользователя: test1 22508
2022-09-18 18:26:41,256 INFO client.py Запущен клиент с парамертами: адрес сервера: 127.0.0.1 , порт: 7777, имя пользователя: test2 26616
2022-09-18 18:26:41,261 INFO transport.py Попытка подключения №1 22508
2022-09-18 18:26:41,261 DEBUG transport.py Установлено соединение с сервером 22508
2022-09-18 18:26:41,261 DEBUG transport.py Сформировано presence сообщение для пользователя test1 22508
2022-09-18 18:26:41,274 INFO transport.py Попытка подключения №1 26616
2022-09-18 18:26:41,274 DEBUG transport.py Установлено соединение с сервером 26616
2022-09-18 18:26:41,274 DEBUG transport.py Сформировано presence сообщение для пользователя test2 26616
2022-09-18 18:26:41,275 INFO client.py Запущен клиент с парамертами: адрес сервера: 127.0.0.1 , порт: 7777, имя пользователя: test3 15664
2022-09-18 18:26:41,281 DEBUG transport.py Разбор сообщения от сервера: {'response': 200} 22508
2022-09-18 18:26:41,281 INFO transport.py Соединение с сервером успешно установлено. 22508
2022-09-18 18:26:41,281 DEBUG transport.py Запрос списка известных пользователей test1 22508
2022-09-18 18:26:41,294 INFO transport.py Попытка подключения №1 15664
2022-09-18 18:26:41,295 DEBUG transport.py Установлено соединение с сервером 15664
2022-09-18 18:26:41,295 DEBUG transport.py Сформировано presence сообщение для пользователя test3 15664
2022-09-18 18:26:41,302 DEBUG transport.py Запрос контакт листа для пользователя Thread-1 22508
2022-09-18 18:26:41,302 DEBUG transport.py Сформирован запрос {'action': 'get_contacts', 'time': 1663514801.3023372, 'user': 'test1'} 22508
2022-09-18 18:26:41,305 DEBUG transport.py Разбор сообщения от сервера: {'response': 200} 26616
2022-09-18 18:26:41,305 INFO transport.py Соединение с сервером успешно установлено. 26616
2022-09-18 18:26:41,305 DEBUG transport.py Запрос списка известных пользователей test2 26616
2022-09-18 18:26:41,809 DEBUG transport.py Получен ответ {'response': 202, 'data_list': []} 22508
2022-09-18 18:26:41,809 DEBUG transport.py Запущен процесс - приёмник сообщений с сервера. 22508
2022-09-18 18:26:41,817 DEBUG transport.py Запрос контакт листа для пользователя Thread-1 26616
2022-09-18 18:26:41,817 DEBUG transport.py Сформирован запрос {'action': 'get_contacts', 'time': 1663514801.8173363, 'user': 'test2'} 26616
2022-09-18 18:26:41,821 DEBUG transport.py Разбор сообщения от сервера: {'response': 200} 15664
2022-09-18 18:26:41,822 INFO transport.py Соединение с сервером успешно установлено. 15664
2022-09-18 18:26:41,822 DEBUG transport.py Запрос списка известных пользователей test3 15664
2022-09-18 18:26:42,338 DEBUG transport.py Получен ответ {'response': 202, 'data_list': []} 26616
2022-09-18 18:26:42,339 DEBUG transport.py Запущен процесс - приёмник сообщений с сервера. 26616
2022-09-18 18:26:42,348 DEBUG transport.py Запрос контакт листа для пользователя Thread-1 15664
2022-09-18 18:26:42,348 DEBUG transport.py Сформирован запрос {'action': 'get_contacts', 'time': 1663514802.3481476, 'user': 'test3'} 15664
2022-09-18 18:26:42,843 DEBUG transport.py Получен ответ {'response': 202, 'data_list': []} 15664
2022-09-18 18:26:42,843 DEBUG transport.py Запущен процесс - приёмник сообщений с сервера. 15664
2022-09-18 18:48:18,310 INFO transport.py Попытка подключения №1 18084
2022-09-18 18:48:18,310 DEBUG transport.py Установлено соединение с сервером 18084
2022-09-18 18:48:18,311 DEBUG transport.py Сформировано presence сообщение для пользователя test1 18084
2022-09-18 18:48:18,326 DEBUG transport.py Разбор сообщения от сервера: {'response': 200} 18084
2022-09-18 18:48:18,326 INFO transport.py Соединение с сервером успешно установлено. 18084
2022-09-18 18:48:18,326 DEBUG transport.py Запрос списка известных пользователей test1 18084
2022-09-18 18:48:18,851 DEBUG transport.py Запрос контакт листа для пользователя Thread-1 18084
2022-09-18 18:48:18,851 DEBUG transport.py Сформирован запрос {'action': 'get_contacts', 'time': 1663516098.8515577, 'user': 'test1'} 18084
2022-09-18 18:48:19,354 DEBUG transport.py Получен ответ {'response': 202, 'data_list': []} 18084
2022-09-18 18:50:47,899 INFO transport.py Попытка подключения №1 11496
2022-09-18 18:50:50,962 INFO transport.py Попытка подключения №2 11496
2022-09-18 18:50:54,022 INFO transport.py Попытка подключения №3 11496
2022-09-18 18:50:57,047 CRITICAL transport.py Не удалось установить соединение с сервером 11496
2022-09-18 18:54:31,811 INFO transport.py Попытка подключения №1 27604
2022-09-18 18:54:34,848 INFO transport.py Попытка подключения №2 27604
2022-09-18 18:55:17,529 INFO transport.py Попытка подключения №1 27272
2022-09-18 18:55:17,545 DEBUG transport.py Установлено соединение с сервером 27272
2022-09-18 18:55:17,545 DEBUG transport.py Сформировано presence сообщение для пользователя test1 27272
2022-09-18 18:55:18,056 DEBUG transport.py Разбор сообщения от сервера: {'response': 200} 27272
2022-09-18 18:55:18,056 INFO transport.py Соединение с сервером успешно установлено. 27272
2022-09-18 18:55:18,056 DEBUG transport.py Запрос списка известных пользователей test1 27272
2022-09-18 18:55:18,578 DEBUG transport.py Запрос контакт листа для пользователя Thread-1 27272
2022-09-18 18:55:18,578 DEBUG transport.py Сформирован запрос {'action': 'get_contacts', 'time': 1663516518.5782743, 'user': 'test1'} 27272
2022-09-18 18:55:19,086 DEBUG transport.py Получен ответ {'response': 202, 'data_list': []} 27272
2022-09-18 18:55:25,277 DEBUG transport.py Создание контакта  27272
2022-09-18 18:55:25,690 DEBUG transport.py Разбор сообщения от сервера: {'response': 200} 27272
2022-09-18 18:55:25,699 INFO main_window.py Успешно добавлен контакт <PyQt5.QtGui.QStandardItem object at 0x0000023FA682D3A0> 27272
2022-09-18 18:55:32,097 DEBUG transport.py Запрос списка известных пользователей test1 27272
2022-09-18 18:55:32,291 DEBUG add_contact.py Обновление списка пользователей с сервера выполнено 27272
2022-09-18 18:55:32,674 DEBUG transport.py Запрос списка известных пользователей test1 27272
2022-09-18 18:55:32,806 DEBUG add_contact.py Обновление списка пользователей с сервера выполнено 27272
2022-09-18 18:55:32,955 DEBUG transport.py Запрос списка известных пользователей test1 27272
2022-09-18 18:55:33,322 DEBUG add_contact.py Обновление списка пользователей с сервера выполнено 27272
2022-09-18 18:55:33,325 DEBUG transport.py Запрос списка известных пользователей test1 27272
2022-09-18 18:55:33,832 DEBUG add_contact.py Обновление списка пользователей с сервера выполнено 27272
2022-09-18 18:55:33,834 DEBUG transport.py Запрос списка известных пользователей test1 27272
2022-09-18 18:55:34,336 DEBUG add_contact.py Обновление списка пользователей с сервера выполнено 27272
2022-09-18 18:55:34,339 DEBUG transport.py Запрос списка известных пользователей test1 27272
2022-09-18 18:55:34,841 DEBUG add_contact.py Обновление списка пользователей с сервера выполнено 27272
2022-09-18 18:55:34,842 DEBUG transport.py Запрос списка известных пользователей test1 27272
2022-09-18 18:55:35,355 DEBUG add_contact.py Обновление списка пользователей с сервера выполнено 27272
2022-09-18 18:55:35,356 DEBUG transport.py Запрос списка известных пользователей test1 27272
2022-09-18 18:55:35,870 DEBUG add_contact.py Обновление списка пользователей с сервера выполнено 27272
2022-09-18 18:55:35,871 DEBUG transport.py Запрос списка известных пользователей test1 27272
2022-09-18 18:55:36,380 DEBUG add_contact.py Обновление списка пользователей с сервера выполнено 27272
2022-09-18 18:55:36,382 DEBUG transport.py Запрос списка известных пользователей test1 27272
2022-09-18 18:55:36,888 DEBUG add_contact.py Обновление списка пользователей с сервера выполнено 27272
2022-09-18 18:57:26,012 INFO transport.py Попытка подключения №1 17368
2022-09-18 18:57:26,013 DEBUG transport.py Установлено соединение с сервером 17368
2022-09-18 18:57:26,013 DEBUG transport.py Сформировано presence сообщение для пользователя test1 17368
2022-09-18 18:57:31,020 CRITICAL transport.py Потеряно соединение с сервером! 17368
2022-09-18 18:58:08,707 INFO transport.py Попытка подключения №1 22552
2022-09-18 18:58:08,708 DEBUG transport.py Установлено соединение с сервером 22552
2022-09-18 18:58:08,708 DEBUG transport.py Сформировано presence сообщение для пользователя test1 22552
2022-09-18 18:58:13,714 CRITICAL transport.py Потеряно соединение с сервером! 22552
2022-09-18 19:11:30,564 INFO transport.py Попытка подключения №1 25244
2022-09-18 19:11:33,627 INFO transport.py Попытка подключения №2 25244
2022-09-18 19:11:36,666 INFO transport.py Попытка подключения №3 25244
2022-09-18 19:11:39,712 CRITICAL transport.py Не удалось установить соединение с сервером 25244
2022-09-20 12:36:02,424 INFO transport.py Попытка подключения №1 26456
2022-09-20 12:36:05,462 INFO transport.py Попытка подключения №2 26456
2022-09-20 12:36:08,518 INFO transport.py Попытка подключения №3 26456
2022-09-20 12:36:11,543 CRITICAL transport.py Не удалось установить соединение с сервером 26456
2022-09-20 13:39:32,166 INFO client_log_config.py Информационное сообщение 1144
2022-09-20 13:39:32,166 DEBUG client_log_config.py Отладка 1144
2022-09-20 13:39:32,166 WARNING client_log_config.py Предупреждение 1144
2022-09-20 13:39:32,166 CRITICAL client_log_config.py Критическая ошибка 1144
2022-09-20 13:39:32,166 ERROR client_log_config.py Ошибка 1144
2022-09-22 19:29:54,477 DEBUG run_client.py Args loaded 17128
2022-09-22 19:30:03,006 DEBUG run_client.py Using USERNAME = mask, PASSWD = 123456. 17128
2022-09-22 19:30:03,006 INFO run_client.py Запущен клиент с парамертами: адрес сервера: 127.0.0.1 , порт: 7777, имя пользователя: mask 17128
2022-09-22 19:30:03,679 DEBUG run_client.py Ключи успешно загружены. 17128
2022-09-22 19:30:03,711 INFO transport.py Попытка подключения №1 17128
2022-09-22 19:30:06,765 INFO transport.py Попытка подключения №2 17128
2022-09-22 19:30:09,806 INFO transport.py Попытка подключения №3 17128
2022-09-22 19:30:12,838 CRITICAL transport.py Не удалось установить соединение с сервером 17128
2022-09-22 19:30:22,863 DEBUG run_client.py Args loaded 27244
2022-09-22 19:30:32,328 DEBUG run_client.py Using USERNAME = mask, PASSWD = 123456. 27244
2022-09-22 19:30:32,328 INFO run_client.py Запущен клиент с парамертами: адрес сервера: 127.0.0.1 , порт: 7777, имя пользователя: mask 27244
2022-09-22 19:30:32,370 DEBUG run_client.py Ключи успешно загружены. 27244
2022-09-22 19:30:32,388 INFO transport.py Попытка подключения №1 27244
2022-09-22 19:30:32,388 DEBUG transport.py Соединение установлено 27244
2022-09-22 19:30:32,388 DEBUG transport.py Запуск диалогового окна авторизации. 27244
2022-09-22 19:30:32,395 DEBUG transport.py Хэш пароля готов: b'6264dd50f81dcd99e76261e66f7f4a112b8a1433405de4d9eddf5f4b6ce3ea46db3d0e19856933ab76ea1c1618e521f12e198c6dffa5974572fa2adee52cd255' 27244
2022-09-22 19:30:32,395 DEBUG transport.py Сообщение о присутствии = {'action': 'presence', 'time': 1663864232.39553, 'user': {'account_name': 'mask', 'pubkey': '-----BEGIN PUBLIC KEY-----\nMIIBIjANBgkqhkiG9w0BAQEFAAOCAQ8AMIIBCgKCAQEAspsRcA0ygB4XfVGsd1C4\nIN3Q7yUXu5cLVrPx1f3zWNq5ti73B6+zbB8gawmk9kGymzYuOkOtzc/OoDROWv+D\nnZ6kcjRYg3pZvSmtC5qzeIvVYsic4OXXS3Ggno+R673laEqa+eAMwSRk0Rg3Ad28\nG6vP0Wx7TvyGzdYrFp1mfzonNhISMS0/filgmkC0/+nbNJ9bIKxu0jz/2okalmY/\n/fDHMCEcUpqQRW6X6EciaUzpPAYK8lySG1H1T2G+XVIuvmWigQLrF72NB95jVYA/\nLreDENkmUKoye4KPG2z5GCEge50T/DnayNBtinr4q6iDTRmsHqwDw5kABf+WclFz\n6wIDAQAB\n-----END PUBLIC KEY-----'}} 27244
2022-09-22 19:30:32,904 DEBUG transport.py Ответ сервера = {'response': 511, 'bin': '38d9caabbb2e73a87b28d12a9345241e624087a6ab6101ca65a0c00a240ae0c1d675d9bc322330203833525ff1184996b4d7ae10de4e0f0ccc4ad02be2c60a4c'}. 27244
2022-09-22 19:30:32,905 DEBUG transport.py Разбор сообщения от сервера: {'response': 200} 27244
2022-09-22 19:30:32,905 DEBUG transport.py Запрос списка известных пользователей mask 27244
